<?xml version="1.0" encoding="UTF-8"?>
<coverage generated="1554515167500" clover="3.2.0">
  <project timestamp="1554515167500" name="All files">
    <metrics statements="121" coveredstatements="19" conditionals="44" coveredconditionals="2" methods="32" coveredmethods="14" elements="197" coveredelements="35" complexity="0" loc="121" ncloc="121" packages="6" files="6" classes="6"/>
    <package name="src">
      <metrics statements="1" coveredstatements="1" conditionals="0" coveredconditionals="0" methods="1" coveredmethods="1"/>
      <file name="App.js" path="/Users/inseokseo/Desktop/bananaKeeper/src/App.js">
        <metrics statements="1" coveredstatements="1" conditionals="0" coveredconditionals="0" methods="1" coveredmethods="1"/>
        <line num="20" count="1" type="stmt"/>
      </file>
    </package>
    <package name="src.components.NavigationBar">
      <metrics statements="4" coveredstatements="3" conditionals="0" coveredconditionals="0" methods="4" coveredmethods="2"/>
      <file name="NavigationBar.js" path="/Users/inseokseo/Desktop/bananaKeeper/src/components/NavigationBar/NavigationBar.js">
        <metrics statements="4" coveredstatements="3" conditionals="0" coveredconditionals="0" methods="4" coveredmethods="2"/>
        <line num="28" count="0" type="stmt"/>
        <line num="34" count="2" type="stmt"/>
        <line num="102" count="2" type="stmt"/>
        <line num="103" count="2" type="stmt"/>
      </file>
    </package>
    <package name="src.containers.Analytics">
      <metrics statements="39" coveredstatements="6" conditionals="8" coveredconditionals="2" methods="9" coveredmethods="4"/>
      <file name="Analytics.js" path="/Users/inseokseo/Desktop/bananaKeeper/src/containers/Analytics/Analytics.js">
        <metrics statements="39" coveredstatements="6" conditionals="8" coveredconditionals="2" methods="9" coveredmethods="4"/>
        <line num="32" count="1" type="stmt"/>
        <line num="36" count="1" type="stmt"/>
        <line num="42" count="0" type="stmt"/>
        <line num="48" count="0" type="stmt"/>
        <line num="50" count="0" type="stmt"/>
        <line num="51" count="0" type="stmt"/>
        <line num="52" count="0" type="stmt"/>
        <line num="53" count="0" type="stmt"/>
        <line num="55" count="0" type="stmt"/>
        <line num="56" count="0" type="stmt"/>
        <line num="57" count="0" type="stmt"/>
        <line num="58" count="0" type="stmt"/>
        <line num="60" count="0" type="stmt"/>
        <line num="72" count="1" type="stmt"/>
        <line num="73" count="0" type="stmt"/>
        <line num="74" count="0" type="stmt"/>
        <line num="78" count="0" type="stmt"/>
        <line num="79" count="0" type="stmt"/>
        <line num="81" count="0" type="stmt"/>
        <line num="82" count="0" type="stmt"/>
        <line num="83" count="0" type="stmt"/>
        <line num="84" count="0" type="stmt"/>
        <line num="85" count="0" type="cond" truecount="0" falsecount="2"/>
        <line num="86" count="0" type="stmt"/>
        <line num="88" count="0" type="stmt"/>
        <line num="89" count="0" type="stmt"/>
        <line num="90" count="0" type="cond" truecount="0" falsecount="2"/>
        <line num="91" count="0" type="stmt"/>
        <line num="93" count="0" type="stmt"/>
        <line num="95" count="0" type="stmt"/>
        <line num="103" count="0" type="stmt"/>
        <line num="104" count="0" type="stmt"/>
        <line num="105" count="0" type="stmt"/>
        <line num="108" count="0" type="stmt"/>
        <line num="116" count="0" type="stmt"/>
        <line num="117" count="0" type="stmt"/>
        <line num="130" count="1" type="stmt"/>
        <line num="131" count="1" type="stmt"/>
        <line num="132" count="1" type="stmt"/>
      </file>
    </package>
    <package name="src.containers.Buy">
      <metrics statements="29" coveredstatements="3" conditionals="19" coveredconditionals="0" methods="5" coveredmethods="2"/>
      <file name="Buy.js" path="/Users/inseokseo/Desktop/bananaKeeper/src/containers/Buy/Buy.js">
        <metrics statements="29" coveredstatements="3" conditionals="19" coveredconditionals="0" methods="5" coveredmethods="2"/>
        <line num="24" count="2" type="stmt"/>
        <line num="25" count="0" type="stmt"/>
        <line num="31" count="0" type="stmt"/>
        <line num="32" count="0" type="stmt"/>
        <line num="36" count="0" type="stmt"/>
        <line num="38" count="0" type="stmt"/>
        <line num="39" count="0" type="cond" truecount="0" falsecount="2"/>
        <line num="40" count="0" type="stmt"/>
        <line num="44" count="0" type="stmt"/>
        <line num="49" count="0" type="stmt"/>
        <line num="57" count="0" type="stmt"/>
        <line num="58" count="0" type="stmt"/>
        <line num="59" count="0" type="stmt"/>
        <line num="60" count="0" type="stmt"/>
        <line num="62" count="0" type="cond" truecount="0" falsecount="4"/>
        <line num="63" count="0" type="stmt"/>
        <line num="65" count="0" type="cond" truecount="0" falsecount="4"/>
        <line num="66" count="0" type="stmt"/>
        <line num="68" count="0" type="cond" truecount="0" falsecount="2"/>
        <line num="69" count="0" type="stmt"/>
        <line num="71" count="0" type="cond" truecount="0" falsecount="2"/>
        <line num="72" count="0" type="stmt"/>
        <line num="74" count="0" type="stmt"/>
        <line num="79" count="0" type="stmt"/>
        <line num="87" count="0" type="cond" truecount="0" falsecount="2"/>
        <line num="88" count="0" type="stmt"/>
        <line num="90" count="0" type="stmt"/>
        <line num="103" count="1" type="stmt"/>
        <line num="104" count="1" type="stmt"/>
      </file>
    </package>
    <package name="src.containers.Home">
      <metrics statements="1" coveredstatements="1" conditionals="0" coveredconditionals="0" methods="1" coveredmethods="1"/>
      <file name="Home.js" path="/Users/inseokseo/Desktop/bananaKeeper/src/containers/Home/Home.js">
        <metrics statements="1" coveredstatements="1" conditionals="0" coveredconditionals="0" methods="1" coveredmethods="1"/>
        <line num="5" count="2" type="stmt"/>
      </file>
    </package>
    <package name="src.containers.Sell">
      <metrics statements="47" coveredstatements="5" conditionals="17" coveredconditionals="0" methods="12" coveredmethods="4"/>
      <file name="Sell.js" path="/Users/inseokseo/Desktop/bananaKeeper/src/containers/Sell/Sell.js">
        <metrics statements="47" coveredstatements="5" conditionals="17" coveredconditionals="0" methods="12" coveredmethods="4"/>
        <line num="30" count="1" type="stmt"/>
        <line num="34" count="1" type="stmt"/>
        <line num="35" count="0" type="stmt"/>
        <line num="36" count="0" type="stmt"/>
        <line num="41" count="2" type="stmt"/>
        <line num="42" count="0" type="stmt"/>
        <line num="48" count="0" type="stmt"/>
        <line num="49" count="0" type="stmt"/>
        <line num="53" count="0" type="stmt"/>
        <line num="55" count="0" type="stmt"/>
        <line num="56" count="0" type="cond" truecount="0" falsecount="2"/>
        <line num="57" count="0" type="stmt"/>
        <line num="61" count="0" type="stmt"/>
        <line num="64" count="0" type="stmt"/>
        <line num="68" count="0" type="stmt"/>
        <line num="77" count="0" type="stmt"/>
        <line num="78" count="0" type="stmt"/>
        <line num="79" count="0" type="stmt"/>
        <line num="80" count="0" type="stmt"/>
        <line num="82" count="0" type="stmt"/>
        <line num="83" count="0" type="stmt"/>
        <line num="84" count="0" type="stmt"/>
        <line num="85" count="0" type="cond" truecount="0" falsecount="4"/>
        <line num="86" count="0" type="stmt"/>
        <line num="88" count="0" type="cond" truecount="0" falsecount="2"/>
        <line num="89" count="0" type="stmt"/>
        <line num="91" count="0" type="cond" truecount="0" falsecount="2"/>
        <line num="92" count="0" type="stmt"/>
        <line num="94" count="0" type="cond" truecount="0" falsecount="2"/>
        <line num="95" count="0" type="stmt"/>
        <line num="97" count="0" type="stmt"/>
        <line num="102" count="0" type="stmt"/>
        <line num="110" count="0" type="cond" truecount="0" falsecount="2"/>
        <line num="111" count="0" type="stmt"/>
        <line num="113" count="0" type="stmt"/>
        <line num="117" count="0" type="stmt"/>
        <line num="118" count="0" type="stmt"/>
        <line num="119" count="0" type="stmt"/>
        <line num="123" count="0" type="stmt"/>
        <line num="124" count="0" type="stmt"/>
        <line num="125" count="0" type="stmt"/>
        <line num="126" count="0" type="stmt"/>
        <line num="127" count="0" type="stmt"/>
        <line num="128" count="0" type="stmt"/>
        <line num="130" count="0" type="stmt"/>
        <line num="143" count="1" type="stmt"/>
        <line num="145" count="1" type="stmt"/>
      </file>
    </package>
  </project>
</coverage>
