{"/Users/inseokseo/Desktop/bananaKeeper/src/App.js": {"path":"/Users/inseokseo/Desktop/bananaKeeper/src/App.js","statementMap":{"0":{"start":{"line":20,"column":4},"end":{"line":33,"column":6}}},"fnMap":{"0":{"name":"(anonymous_0)","decl":{"start":{"line":19,"column":2},"end":{"line":19,"column":3}},"loc":{"start":{"line":19,"column":11},"end":{"line":34,"column":3}},"line":19}},"branchMap":{},"s":{"0":1},"f":{"0":1},"b":{},"_coverageSchema":"43e27e138ebf9cfc5966b082cf9a028302ed4184","hash":"6df60e2b37ea27c994854f8344b1224f45efd35e"}
,"/Users/inseokseo/Desktop/bananaKeeper/src/components/NavigationBar/NavigationBar.js": {"path":"/Users/inseokseo/Desktop/bananaKeeper/src/components/NavigationBar/NavigationBar.js","statementMap":{"0":{"start":{"line":28,"column":4},"end":{"line":30,"column":8}},"1":{"start":{"line":28,"column":28},"end":{"line":30,"column":5}},"2":{"start":{"line":34,"column":4},"end":{"line":98,"column":10}},"3":{"start":{"line":102,"column":23},"end":{"line":102,"column":33}},"4":{"start":{"line":103,"column":4},"end":{"line":128,"column":6}}},"fnMap":{"0":{"name":"(anonymous_0)","decl":{"start":{"line":27,"column":17},"end":{"line":27,"column":18}},"loc":{"start":{"line":27,"column":23},"end":{"line":31,"column":3}},"line":27},"1":{"name":"(anonymous_1)","decl":{"start":{"line":28,"column":18},"end":{"line":28,"column":19}},"loc":{"start":{"line":28,"column":28},"end":{"line":30,"column":5}},"line":28},"2":{"name":"(anonymous_2)","decl":{"start":{"line":33,"column":15},"end":{"line":33,"column":16}},"loc":{"start":{"line":34,"column":4},"end":{"line":98,"column":10}},"line":34},"3":{"name":"(anonymous_3)","decl":{"start":{"line":101,"column":2},"end":{"line":101,"column":3}},"loc":{"start":{"line":101,"column":11},"end":{"line":129,"column":3}},"line":101}},"branchMap":{},"s":{"0":0,"1":0,"2":2,"3":2,"4":2},"f":{"0":0,"1":0,"2":2,"3":2},"b":{},"_coverageSchema":"43e27e138ebf9cfc5966b082cf9a028302ed4184","hash":"11501cf15c86bcc7f2561fa66480b7add00613e3"}
,"/Users/inseokseo/Desktop/bananaKeeper/src/containers/Analytics/Analytics.js": {"path":"/Users/inseokseo/Desktop/bananaKeeper/src/containers/Analytics/Analytics.js","statementMap":{"0":{"start":{"line":32,"column":4},"end":{"line":32,"column":26}},"1":{"start":{"line":36,"column":20},"end":{"line":36,"column":45}},"2":{"start":{"line":42,"column":8},"end":{"line":42,"column":13}},"3":{"start":{"line":48,"column":8},"end":{"line":48,"column":35}},"4":{"start":{"line":50,"column":29},"end":{"line":50,"column":47}},"5":{"start":{"line":51,"column":28},"end":{"line":51,"column":45}},"6":{"start":{"line":52,"column":29},"end":{"line":52,"column":47}},"7":{"start":{"line":53,"column":30},"end":{"line":53,"column":44}},"8":{"start":{"line":55,"column":38},"end":{"line":55,"column":86}},"9":{"start":{"line":56,"column":37},"end":{"line":56,"column":83}},"10":{"start":{"line":57,"column":27},"end":{"line":57,"column":75}},"11":{"start":{"line":58,"column":26},"end":{"line":58,"column":85}},"12":{"start":{"line":60,"column":4},"end":{"line":68,"column":7}},"13":{"start":{"line":72,"column":21},"end":{"line":72,"column":54}},"14":{"start":{"line":73,"column":30},"end":{"line":73,"column":38}},"15":{"start":{"line":74,"column":4},"end":{"line":74,"column":19}},"16":{"start":{"line":78,"column":28},"end":{"line":78,"column":38}},"17":{"start":{"line":79,"column":18},"end":{"line":79,"column":37}},"18":{"start":{"line":81,"column":23},"end":{"line":81,"column":25}},"19":{"start":{"line":82,"column":24},"end":{"line":82,"column":26}},"20":{"start":{"line":83,"column":24},"end":{"line":83,"column":26}},"21":{"start":{"line":84,"column":4},"end":{"line":94,"column":7}},"22":{"start":{"line":85,"column":6},"end":{"line":87,"column":7}},"23":{"start":{"line":86,"column":8},"end":{"line":86,"column":40}},"24":{"start":{"line":88,"column":27},"end":{"line":88,"column":69}},"25":{"start":{"line":89,"column":30},"end":{"line":89,"column":57}},"26":{"start":{"line":90,"column":6},"end":{"line":92,"column":7}},"27":{"start":{"line":91,"column":8},"end":{"line":91,"column":39}},"28":{"start":{"line":93,"column":6},"end":{"line":93,"column":38}},"29":{"start":{"line":95,"column":4},"end":{"line":99,"column":6}},"30":{"start":{"line":103,"column":26},"end":{"line":103,"column":41}},"31":{"start":{"line":104,"column":25},"end":{"line":104,"column":74}},"32":{"start":{"line":105,"column":4},"end":{"line":105,"column":24}},"33":{"start":{"line":108,"column":40},"end":{"line":108,"column":70}},"34":{"start":{"line":116,"column":8},"end":{"line":116,"column":13}},"35":{"start":{"line":117,"column":4},"end":{"line":117,"column":70}},"36":{"start":{"line":130,"column":8},"end":{"line":130,"column":18}},"37":{"start":{"line":131,"column":21},"end":{"line":131,"column":39}},"38":{"start":{"line":132,"column":4},"end":{"line":192,"column":6}}},"fnMap":{"0":{"name":"(anonymous_0)","decl":{"start":{"line":31,"column":2},"end":{"line":31,"column":3}},"loc":{"start":{"line":31,"column":22},"end":{"line":33,"column":3}},"line":31},"1":{"name":"(anonymous_1)","decl":{"start":{"line":35,"column":19},"end":{"line":35,"column":20}},"loc":{"start":{"line":35,"column":31},"end":{"line":69,"column":3}},"line":35},"2":{"name":"(anonymous_2)","decl":{"start":{"line":71,"column":17},"end":{"line":71,"column":18}},"loc":{"start":{"line":71,"column":29},"end":{"line":75,"column":3}},"line":71},"3":{"name":"(anonymous_3)","decl":{"start":{"line":77,"column":18},"end":{"line":77,"column":19}},"loc":{"start":{"line":77,"column":31},"end":{"line":100,"column":3}},"line":77},"4":{"name":"(anonymous_4)","decl":{"start":{"line":84,"column":20},"end":{"line":84,"column":21}},"loc":{"start":{"line":84,"column":32},"end":{"line":94,"column":5}},"line":84},"5":{"name":"(anonymous_5)","decl":{"start":{"line":102,"column":26},"end":{"line":102,"column":27}},"loc":{"start":{"line":102,"column":39},"end":{"line":106,"column":3}},"line":102},"6":{"name":"(anonymous_6)","decl":{"start":{"line":108,"column":19},"end":{"line":108,"column":20}},"loc":{"start":{"line":108,"column":38},"end":{"line":108,"column":72}},"line":108},"7":{"name":"(anonymous_7)","decl":{"start":{"line":110,"column":22},"end":{"line":110,"column":23}},"loc":{"start":{"line":110,"column":49},"end":{"line":118,"column":3}},"line":110},"8":{"name":"(anonymous_8)","decl":{"start":{"line":120,"column":2},"end":{"line":120,"column":3}},"loc":{"start":{"line":120,"column":11},"end":{"line":193,"column":3}},"line":120}},"branchMap":{"0":{"loc":{"start":{"line":85,"column":6},"end":{"line":87,"column":7}},"type":"if","locations":[{"start":{"line":85,"column":6},"end":{"line":87,"column":7}},{"start":{"line":85,"column":6},"end":{"line":87,"column":7}}],"line":85},"1":{"loc":{"start":{"line":90,"column":6},"end":{"line":92,"column":7}},"type":"if","locations":[{"start":{"line":90,"column":6},"end":{"line":92,"column":7}},{"start":{"line":90,"column":6},"end":{"line":92,"column":7}}],"line":90},"2":{"loc":{"start":{"line":183,"column":33},"end":{"line":183,"column":87}},"type":"cond-expr","locations":[{"start":{"line":183,"column":44},"end":{"line":183,"column":63}},{"start":{"line":183,"column":66},"end":{"line":183,"column":87}}],"line":183},"3":{"loc":{"start":{"line":184,"column":19},"end":{"line":184,"column":69}},"type":"cond-expr","locations":[{"start":{"line":184,"column":47},"end":{"line":184,"column":53}},{"start":{"line":184,"column":56},"end":{"line":184,"column":69}}],"line":184}},"s":{"0":1,"1":1,"2":0,"3":0,"4":0,"5":0,"6":0,"7":0,"8":0,"9":0,"10":0,"11":0,"12":0,"13":1,"14":0,"15":0,"16":0,"17":0,"18":0,"19":0,"20":0,"21":0,"22":0,"23":0,"24":0,"25":0,"26":0,"27":0,"28":0,"29":0,"30":0,"31":0,"32":0,"33":0,"34":0,"35":0,"36":1,"37":1,"38":1},"f":{"0":1,"1":1,"2":1,"3":0,"4":0,"5":0,"6":0,"7":0,"8":1},"b":{"0":[0,0],"1":[0,0],"2":[1,0],"3":[0,1]},"_coverageSchema":"43e27e138ebf9cfc5966b082cf9a028302ed4184","hash":"b8c6d304160c8c2f6c343c9c7ece8fa580cdf205"}
,"/Users/inseokseo/Desktop/bananaKeeper/src/containers/Buy/Buy.js": {"path":"/Users/inseokseo/Desktop/bananaKeeper/src/containers/Buy/Buy.js","statementMap":{"0":{"start":{"line":24,"column":25},"end":{"line":28,"column":3}},"1":{"start":{"line":25,"column":4},"end":{"line":27,"column":7}},"2":{"start":{"line":31,"column":4},"end":{"line":50,"column":5}},"3":{"start":{"line":32,"column":6},"end":{"line":32,"column":29}},"4":{"start":{"line":36,"column":10},"end":{"line":36,"column":20}},"5":{"start":{"line":38,"column":26},"end":{"line":38,"column":47}},"6":{"start":{"line":39,"column":6},"end":{"line":47,"column":7}},"7":{"start":{"line":40,"column":25},"end":{"line":43,"column":10}},"8":{"start":{"line":44,"column":8},"end":{"line":46,"column":11}},"9":{"start":{"line":49,"column":6},"end":{"line":49,"column":60}},"10":{"start":{"line":57,"column":8},"end":{"line":57,"column":18}},"11":{"start":{"line":58,"column":34},"end":{"line":58,"column":36}},"12":{"start":{"line":59,"column":30},"end":{"line":59,"column":32}},"13":{"start":{"line":60,"column":28},"end":{"line":60,"column":30}},"14":{"start":{"line":62,"column":4},"end":{"line":64,"column":5}},"15":{"start":{"line":63,"column":6},"end":{"line":63,"column":61}},"16":{"start":{"line":65,"column":4},"end":{"line":67,"column":5}},"17":{"start":{"line":66,"column":6},"end":{"line":66,"column":55}},"18":{"start":{"line":68,"column":4},"end":{"line":70,"column":5}},"19":{"start":{"line":69,"column":6},"end":{"line":69,"column":60}},"20":{"start":{"line":71,"column":4},"end":{"line":73,"column":5}},"21":{"start":{"line":72,"column":6},"end":{"line":72,"column":71}},"22":{"start":{"line":74,"column":32},"end":{"line":78,"column":5}},"23":{"start":{"line":79,"column":4},"end":{"line":86,"column":7}},"24":{"start":{"line":87,"column":4},"end":{"line":89,"column":5}},"25":{"start":{"line":88,"column":6},"end":{"line":88,"column":19}},"26":{"start":{"line":90,"column":4},"end":{"line":90,"column":16}},"27":{"start":{"line":103,"column":8},"end":{"line":103,"column":18}},"28":{"start":{"line":104,"column":4},"end":{"line":153,"column":6}}},"fnMap":{"0":{"name":"(anonymous_0)","decl":{"start":{"line":24,"column":17},"end":{"line":24,"column":18}},"loc":{"start":{"line":24,"column":25},"end":{"line":28,"column":3}},"line":24},"1":{"name":"(anonymous_1)","decl":{"start":{"line":24,"column":25},"end":{"line":24,"column":26}},"loc":{"start":{"line":24,"column":36},"end":{"line":28,"column":3}},"line":24},"2":{"name":"(anonymous_2)","decl":{"start":{"line":30,"column":17},"end":{"line":30,"column":18}},"loc":{"start":{"line":30,"column":34},"end":{"line":51,"column":3}},"line":30},"3":{"name":"(anonymous_3)","decl":{"start":{"line":53,"column":19},"end":{"line":53,"column":20}},"loc":{"start":{"line":53,"column":25},"end":{"line":91,"column":3}},"line":53},"4":{"name":"(anonymous_4)","decl":{"start":{"line":93,"column":2},"end":{"line":93,"column":3}},"loc":{"start":{"line":93,"column":11},"end":{"line":154,"column":3}},"line":93}},"branchMap":{"0":{"loc":{"start":{"line":39,"column":6},"end":{"line":47,"column":7}},"type":"if","locations":[{"start":{"line":39,"column":6},"end":{"line":47,"column":7}},{"start":{"line":39,"column":6},"end":{"line":47,"column":7}}],"line":39},"1":{"loc":{"start":{"line":62,"column":4},"end":{"line":64,"column":5}},"type":"if","locations":[{"start":{"line":62,"column":4},"end":{"line":64,"column":5}},{"start":{"line":62,"column":4},"end":{"line":64,"column":5}}],"line":62},"2":{"loc":{"start":{"line":62,"column":8},"end":{"line":62,"column":32}},"type":"binary-expr","locations":[{"start":{"line":62,"column":8},"end":{"line":62,"column":20}},{"start":{"line":62,"column":24},"end":{"line":62,"column":32}}],"line":62},"3":{"loc":{"start":{"line":65,"column":4},"end":{"line":67,"column":5}},"type":"if","locations":[{"start":{"line":65,"column":4},"end":{"line":67,"column":5}},{"start":{"line":65,"column":4},"end":{"line":67,"column":5}}],"line":65},"4":{"loc":{"start":{"line":65,"column":8},"end":{"line":65,"column":43}},"type":"binary-expr","locations":[{"start":{"line":65,"column":8},"end":{"line":65,"column":23}},{"start":{"line":65,"column":27},"end":{"line":65,"column":43}}],"line":65},"5":{"loc":{"start":{"line":68,"column":4},"end":{"line":70,"column":5}},"type":"if","locations":[{"start":{"line":68,"column":4},"end":{"line":70,"column":5}},{"start":{"line":68,"column":4},"end":{"line":70,"column":5}}],"line":68},"6":{"loc":{"start":{"line":71,"column":4},"end":{"line":73,"column":5}},"type":"if","locations":[{"start":{"line":71,"column":4},"end":{"line":73,"column":5}},{"start":{"line":71,"column":4},"end":{"line":73,"column":5}}],"line":71},"7":{"loc":{"start":{"line":75,"column":6},"end":{"line":77,"column":26}},"type":"binary-expr","locations":[{"start":{"line":75,"column":6},"end":{"line":75,"column":29}},{"start":{"line":76,"column":9},"end":{"line":76,"column":28}},{"start":{"line":77,"column":9},"end":{"line":77,"column":26}}],"line":75},"8":{"loc":{"start":{"line":87,"column":4},"end":{"line":89,"column":5}},"type":"if","locations":[{"start":{"line":87,"column":4},"end":{"line":89,"column":5}},{"start":{"line":87,"column":4},"end":{"line":89,"column":5}}],"line":87}},"s":{"0":2,"1":0,"2":0,"3":0,"4":0,"5":0,"6":0,"7":0,"8":0,"9":0,"10":0,"11":0,"12":0,"13":0,"14":0,"15":0,"16":0,"17":0,"18":0,"19":0,"20":0,"21":0,"22":0,"23":0,"24":0,"25":0,"26":0,"27":1,"28":1},"f":{"0":2,"1":0,"2":0,"3":0,"4":1},"b":{"0":[0,0],"1":[0,0],"2":[0,0],"3":[0,0],"4":[0,0],"5":[0,0],"6":[0,0],"7":[0,0,0],"8":[0,0]},"_coverageSchema":"43e27e138ebf9cfc5966b082cf9a028302ed4184","hash":"075f72c5c2765e565d76272595da714181d2527b"}
,"/Users/inseokseo/Desktop/bananaKeeper/src/containers/Home/Home.js": {"path":"/Users/inseokseo/Desktop/bananaKeeper/src/containers/Home/Home.js","statementMap":{"0":{"start":{"line":5,"column":2},"end":{"line":9,"column":4}}},"fnMap":{"0":{"name":"(anonymous_0)","decl":{"start":{"line":4,"column":15},"end":{"line":4,"column":16}},"loc":{"start":{"line":4,"column":27},"end":{"line":10,"column":1}},"line":4}},"branchMap":{},"s":{"0":2},"f":{"0":2},"b":{},"_coverageSchema":"43e27e138ebf9cfc5966b082cf9a028302ed4184","hash":"c410fb8785c6ad8b8b2be324f974061579e740e8"}
,"/Users/inseokseo/Desktop/bananaKeeper/src/containers/Sell/Sell.js": {"path":"/Users/inseokseo/Desktop/bananaKeeper/src/containers/Sell/Sell.js","statementMap":{"0":{"start":{"line":30,"column":4},"end":{"line":30,"column":30}},"1":{"start":{"line":34,"column":21},"end":{"line":34,"column":54}},"2":{"start":{"line":35,"column":26},"end":{"line":35,"column":82}},"3":{"start":{"line":35,"column":57},"end":{"line":35,"column":81}},"4":{"start":{"line":36,"column":4},"end":{"line":38,"column":7}},"5":{"start":{"line":41,"column":25},"end":{"line":45,"column":3}},"6":{"start":{"line":42,"column":4},"end":{"line":44,"column":7}},"7":{"start":{"line":48,"column":4},"end":{"line":69,"column":5}},"8":{"start":{"line":49,"column":6},"end":{"line":49,"column":29}},"9":{"start":{"line":53,"column":10},"end":{"line":53,"column":20}},"10":{"start":{"line":55,"column":26},"end":{"line":55,"column":47}},"11":{"start":{"line":56,"column":6},"end":{"line":66,"column":7}},"12":{"start":{"line":57,"column":25},"end":{"line":60,"column":10}},"13":{"start":{"line":61,"column":8},"end":{"line":65,"column":11}},"14":{"start":{"line":64,"column":10},"end":{"line":64,"column":30}},"15":{"start":{"line":68,"column":6},"end":{"line":68,"column":61}},"16":{"start":{"line":77,"column":8},"end":{"line":77,"column":18}},"17":{"start":{"line":78,"column":34},"end":{"line":78,"column":36}},"18":{"start":{"line":79,"column":31},"end":{"line":79,"column":33}},"19":{"start":{"line":80,"column":28},"end":{"line":80,"column":30}},"20":{"start":{"line":82,"column":24},"end":{"line":82,"column":61}},"21":{"start":{"line":83,"column":29},"end":{"line":83,"column":47}},"22":{"start":{"line":84,"column":29},"end":{"line":84,"column":69}},"23":{"start":{"line":85,"column":4},"end":{"line":87,"column":5}},"24":{"start":{"line":86,"column":6},"end":{"line":86,"column":61}},"25":{"start":{"line":88,"column":4},"end":{"line":90,"column":5}},"26":{"start":{"line":89,"column":6},"end":{"line":89,"column":58}},"27":{"start":{"line":91,"column":4},"end":{"line":93,"column":5}},"28":{"start":{"line":92,"column":6},"end":{"line":92,"column":60}},"29":{"start":{"line":94,"column":4},"end":{"line":96,"column":5}},"30":{"start":{"line":95,"column":6},"end":{"line":95,"column":72}},"31":{"start":{"line":97,"column":32},"end":{"line":101,"column":5}},"32":{"start":{"line":102,"column":4},"end":{"line":109,"column":7}},"33":{"start":{"line":110,"column":4},"end":{"line":112,"column":5}},"34":{"start":{"line":111,"column":6},"end":{"line":111,"column":19}},"35":{"start":{"line":113,"column":4},"end":{"line":113,"column":16}},"36":{"start":{"line":117,"column":26},"end":{"line":117,"column":41}},"37":{"start":{"line":118,"column":25},"end":{"line":118,"column":74}},"38":{"start":{"line":119,"column":4},"end":{"line":119,"column":24}},"39":{"start":{"line":123,"column":25},"end":{"line":123,"column":35}},"40":{"start":{"line":124,"column":24},"end":{"line":129,"column":6}},"41":{"start":{"line":125,"column":26},"end":{"line":125,"column":32}},"42":{"start":{"line":126,"column":27},"end":{"line":126,"column":62}},"43":{"start":{"line":127,"column":27},"end":{"line":127,"column":66}},"44":{"start":{"line":128,"column":6},"end":{"line":128,"column":26}},"45":{"start":{"line":130,"column":4},"end":{"line":130,"column":23}},"46":{"start":{"line":143,"column":8},"end":{"line":143,"column":18}},"47":{"start":{"line":145,"column":4},"end":{"line":193,"column":6}}},"fnMap":{"0":{"name":"(anonymous_0)","decl":{"start":{"line":29,"column":2},"end":{"line":29,"column":3}},"loc":{"start":{"line":29,"column":28},"end":{"line":31,"column":3}},"line":29},"1":{"name":"(anonymous_1)","decl":{"start":{"line":33,"column":17},"end":{"line":33,"column":18}},"loc":{"start":{"line":33,"column":29},"end":{"line":39,"column":3}},"line":33},"2":{"name":"(anonymous_2)","decl":{"start":{"line":35,"column":47},"end":{"line":35,"column":48}},"loc":{"start":{"line":35,"column":57},"end":{"line":35,"column":81}},"line":35},"3":{"name":"(anonymous_3)","decl":{"start":{"line":41,"column":17},"end":{"line":41,"column":18}},"loc":{"start":{"line":41,"column":25},"end":{"line":45,"column":3}},"line":41},"4":{"name":"(anonymous_4)","decl":{"start":{"line":41,"column":25},"end":{"line":41,"column":26}},"loc":{"start":{"line":41,"column":36},"end":{"line":45,"column":3}},"line":41},"5":{"name":"(anonymous_5)","decl":{"start":{"line":47,"column":17},"end":{"line":47,"column":18}},"loc":{"start":{"line":47,"column":34},"end":{"line":70,"column":3}},"line":47},"6":{"name":"(anonymous_6)","decl":{"start":{"line":63,"column":11},"end":{"line":63,"column":12}},"loc":{"start":{"line":63,"column":17},"end":{"line":65,"column":9}},"line":63},"7":{"name":"(anonymous_7)","decl":{"start":{"line":72,"column":19},"end":{"line":72,"column":20}},"loc":{"start":{"line":72,"column":25},"end":{"line":114,"column":3}},"line":72},"8":{"name":"(anonymous_8)","decl":{"start":{"line":116,"column":26},"end":{"line":116,"column":27}},"loc":{"start":{"line":116,"column":39},"end":{"line":120,"column":3}},"line":116},"9":{"name":"(anonymous_9)","decl":{"start":{"line":122,"column":22},"end":{"line":122,"column":23}},"loc":{"start":{"line":122,"column":35},"end":{"line":131,"column":3}},"line":122},"10":{"name":"(anonymous_10)","decl":{"start":{"line":124,"column":39},"end":{"line":124,"column":40}},"loc":{"start":{"line":124,"column":51},"end":{"line":129,"column":5}},"line":124},"11":{"name":"(anonymous_11)","decl":{"start":{"line":133,"column":2},"end":{"line":133,"column":3}},"loc":{"start":{"line":133,"column":11},"end":{"line":194,"column":3}},"line":133}},"branchMap":{"0":{"loc":{"start":{"line":56,"column":6},"end":{"line":66,"column":7}},"type":"if","locations":[{"start":{"line":56,"column":6},"end":{"line":66,"column":7}},{"start":{"line":56,"column":6},"end":{"line":66,"column":7}}],"line":56},"1":{"loc":{"start":{"line":85,"column":4},"end":{"line":87,"column":5}},"type":"if","locations":[{"start":{"line":85,"column":4},"end":{"line":87,"column":5}},{"start":{"line":85,"column":4},"end":{"line":87,"column":5}}],"line":85},"2":{"loc":{"start":{"line":85,"column":8},"end":{"line":85,"column":33}},"type":"binary-expr","locations":[{"start":{"line":85,"column":8},"end":{"line":85,"column":20}},{"start":{"line":85,"column":24},"end":{"line":85,"column":33}}],"line":85},"3":{"loc":{"start":{"line":88,"column":4},"end":{"line":90,"column":5}},"type":"if","locations":[{"start":{"line":88,"column":4},"end":{"line":90,"column":5}},{"start":{"line":88,"column":4},"end":{"line":90,"column":5}}],"line":88},"4":{"loc":{"start":{"line":91,"column":4},"end":{"line":93,"column":5}},"type":"if","locations":[{"start":{"line":91,"column":4},"end":{"line":93,"column":5}},{"start":{"line":91,"column":4},"end":{"line":93,"column":5}}],"line":91},"5":{"loc":{"start":{"line":94,"column":4},"end":{"line":96,"column":5}},"type":"if","locations":[{"start":{"line":94,"column":4},"end":{"line":96,"column":5}},{"start":{"line":94,"column":4},"end":{"line":96,"column":5}}],"line":94},"6":{"loc":{"start":{"line":98,"column":6},"end":{"line":100,"column":26}},"type":"binary-expr","locations":[{"start":{"line":98,"column":6},"end":{"line":98,"column":29}},{"start":{"line":99,"column":9},"end":{"line":99,"column":29}},{"start":{"line":100,"column":9},"end":{"line":100,"column":26}}],"line":98},"7":{"loc":{"start":{"line":110,"column":4},"end":{"line":112,"column":5}},"type":"if","locations":[{"start":{"line":110,"column":4},"end":{"line":112,"column":5}},{"start":{"line":110,"column":4},"end":{"line":112,"column":5}}],"line":110}},"s":{"0":1,"1":1,"2":0,"3":0,"4":0,"5":2,"6":0,"7":0,"8":0,"9":0,"10":0,"11":0,"12":0,"13":0,"14":0,"15":0,"16":0,"17":0,"18":0,"19":0,"20":0,"21":0,"22":0,"23":0,"24":0,"25":0,"26":0,"27":0,"28":0,"29":0,"30":0,"31":0,"32":0,"33":0,"34":0,"35":0,"36":0,"37":0,"38":0,"39":0,"40":0,"41":0,"42":0,"43":0,"44":0,"45":0,"46":1,"47":1},"f":{"0":1,"1":1,"2":0,"3":2,"4":0,"5":0,"6":0,"7":0,"8":0,"9":0,"10":0,"11":1},"b":{"0":[0,0],"1":[0,0],"2":[0,0],"3":[0,0],"4":[0,0],"5":[0,0],"6":[0,0,0],"7":[0,0]},"_coverageSchema":"43e27e138ebf9cfc5966b082cf9a028302ed4184","hash":"054d3bef860edeb22e0d3d5e207383141f9e6e6e"}
}
