TN:
SF:/Users/inseokseo/Desktop/bananaKeeper/src/App.js
FN:19,(anonymous_0)
FNF:1
FNH:1
FNDA:1,(anonymous_0)
DA:20,1
LF:1
LH:1
BRF:0
BRH:0
end_of_record
TN:
SF:/Users/inseokseo/Desktop/bananaKeeper/src/components/NavigationBar/NavigationBar.js
FN:27,(anonymous_0)
FN:28,(anonymous_1)
FN:33,(anonymous_2)
FN:101,(anonymous_3)
FNF:4
FNH:2
FNDA:0,(anonymous_0)
FNDA:0,(anonymous_1)
FNDA:2,(anonymous_2)
FNDA:2,(anonymous_3)
DA:28,0
DA:34,2
DA:102,2
DA:103,2
LF:4
LH:3
BRF:0
BRH:0
end_of_record
TN:
SF:/Users/inseokseo/Desktop/bananaKeeper/src/containers/Analytics/Analytics.js
FN:31,(anonymous_0)
FN:35,(anonymous_1)
FN:71,(anonymous_2)
FN:77,(anonymous_3)
FN:84,(anonymous_4)
FN:102,(anonymous_5)
FN:108,(anonymous_6)
FN:110,(anonymous_7)
FN:120,(anonymous_8)
FNF:9
FNH:4
FNDA:1,(anonymous_0)
FNDA:1,(anonymous_1)
FNDA:1,(anonymous_2)
FNDA:0,(anonymous_3)
FNDA:0,(anonymous_4)
FNDA:0,(anonymous_5)
FNDA:0,(anonymous_6)
FNDA:0,(anonymous_7)
FNDA:1,(anonymous_8)
DA:32,1
DA:36,1
DA:42,0
DA:48,0
DA:50,0
DA:51,0
DA:52,0
DA:53,0
DA:55,0
DA:56,0
DA:57,0
DA:58,0
DA:60,0
DA:72,1
DA:73,0
DA:74,0
DA:78,0
DA:79,0
DA:81,0
DA:82,0
DA:83,0
DA:84,0
DA:85,0
DA:86,0
DA:88,0
DA:89,0
DA:90,0
DA:91,0
DA:93,0
DA:95,0
DA:103,0
DA:104,0
DA:105,0
DA:108,0
DA:116,0
DA:117,0
DA:130,1
DA:131,1
DA:132,1
LF:39
LH:6
BRDA:85,0,0,0
BRDA:85,0,1,0
BRDA:90,1,0,0
BRDA:90,1,1,0
BRDA:183,2,0,1
BRDA:183,2,1,0
BRDA:184,3,0,0
BRDA:184,3,1,1
BRF:8
BRH:2
end_of_record
TN:
SF:/Users/inseokseo/Desktop/bananaKeeper/src/containers/Buy/Buy.js
FN:24,(anonymous_0)
FN:24,(anonymous_1)
FN:30,(anonymous_2)
FN:53,(anonymous_3)
FN:93,(anonymous_4)
FNF:5
FNH:2
FNDA:2,(anonymous_0)
FNDA:0,(anonymous_1)
FNDA:0,(anonymous_2)
FNDA:0,(anonymous_3)
FNDA:1,(anonymous_4)
DA:24,2
DA:25,0
DA:31,0
DA:32,0
DA:36,0
DA:38,0
DA:39,0
DA:40,0
DA:44,0
DA:49,0
DA:57,0
DA:58,0
DA:59,0
DA:60,0
DA:62,0
DA:63,0
DA:65,0
DA:66,0
DA:68,0
DA:69,0
DA:71,0
DA:72,0
DA:74,0
DA:79,0
DA:87,0
DA:88,0
DA:90,0
DA:103,1
DA:104,1
LF:29
LH:3
BRDA:39,0,0,0
BRDA:39,0,1,0
BRDA:62,1,0,0
BRDA:62,1,1,0
BRDA:62,2,0,0
BRDA:62,2,1,0
BRDA:65,3,0,0
BRDA:65,3,1,0
BRDA:65,4,0,0
BRDA:65,4,1,0
BRDA:68,5,0,0
BRDA:68,5,1,0
BRDA:71,6,0,0
BRDA:71,6,1,0
BRDA:75,7,0,0
BRDA:75,7,1,0
BRDA:75,7,2,0
BRDA:87,8,0,0
BRDA:87,8,1,0
BRF:19
BRH:0
end_of_record
TN:
SF:/Users/inseokseo/Desktop/bananaKeeper/src/containers/Home/Home.js
FN:4,(anonymous_0)
FNF:1
FNH:1
FNDA:2,(anonymous_0)
DA:5,2
LF:1
LH:1
BRF:0
BRH:0
end_of_record
TN:
SF:/Users/inseokseo/Desktop/bananaKeeper/src/containers/Sell/Sell.js
FN:29,(anonymous_0)
FN:33,(anonymous_1)
FN:35,(anonymous_2)
FN:41,(anonymous_3)
FN:41,(anonymous_4)
FN:47,(anonymous_5)
FN:63,(anonymous_6)
FN:72,(anonymous_7)
FN:116,(anonymous_8)
FN:122,(anonymous_9)
FN:124,(anonymous_10)
FN:133,(anonymous_11)
FNF:12
FNH:4
FNDA:1,(anonymous_0)
FNDA:1,(anonymous_1)
FNDA:0,(anonymous_2)
FNDA:2,(anonymous_3)
FNDA:0,(anonymous_4)
FNDA:0,(anonymous_5)
FNDA:0,(anonymous_6)
FNDA:0,(anonymous_7)
FNDA:0,(anonymous_8)
FNDA:0,(anonymous_9)
FNDA:0,(anonymous_10)
FNDA:1,(anonymous_11)
DA:30,1
DA:34,1
DA:35,0
DA:36,0
DA:41,2
DA:42,0
DA:48,0
DA:49,0
DA:53,0
DA:55,0
DA:56,0
DA:57,0
DA:61,0
DA:64,0
DA:68,0
DA:77,0
DA:78,0
DA:79,0
DA:80,0
DA:82,0
DA:83,0
DA:84,0
DA:85,0
DA:86,0
DA:88,0
DA:89,0
DA:91,0
DA:92,0
DA:94,0
DA:95,0
DA:97,0
DA:102,0
DA:110,0
DA:111,0
DA:113,0
DA:117,0
DA:118,0
DA:119,0
DA:123,0
DA:124,0
DA:125,0
DA:126,0
DA:127,0
DA:128,0
DA:130,0
DA:143,1
DA:145,1
LF:47
LH:5
BRDA:56,0,0,0
BRDA:56,0,1,0
BRDA:85,1,0,0
BRDA:85,1,1,0
BRDA:85,2,0,0
BRDA:85,2,1,0
BRDA:88,3,0,0
BRDA:88,3,1,0
BRDA:91,4,0,0
BRDA:91,4,1,0
BRDA:94,5,0,0
BRDA:94,5,1,0
BRDA:98,6,0,0
BRDA:98,6,1,0
BRDA:98,6,2,0
BRDA:110,7,0,0
BRDA:110,7,1,0
BRF:17
BRH:0
end_of_record
